[debug] [2023-03-21T16:25:47.511Z] ----------------------------------------------------------------------
[debug] [2023-03-21T16:25:47.513Z] Command:       C:\Program Files\nodejs\node.exe C:\Users\Anshuman Shukla\AppData\Roaming\npm\node_modules\firebase-tools\lib\bin\firebase.js init
[debug] [2023-03-21T16:25:47.514Z] CLI Version:   11.24.1
[debug] [2023-03-21T16:25:47.514Z] Platform:      win32
[debug] [2023-03-21T16:25:47.514Z] Node Version:  v16.17.0
[debug] [2023-03-21T16:25:47.515Z] Time:          Tue Mar 21 2023 21:55:47 GMT+0530 (India Standard Time)
[debug] [2023-03-21T16:25:47.515Z] ----------------------------------------------------------------------
[debug] 
[debug] [2023-03-21T16:25:47.519Z] >>> [apiv2][query] GET https://firebase-public.firebaseio.com/cli.json [none]
[debug] [2023-03-21T16:25:47.540Z] > command requires scopes: ["email","openid","https://www.googleapis.com/auth/cloudplatformprojects.readonly","https://www.googleapis.com/auth/firebase","https://www.googleapis.com/auth/cloud-platform"]
[debug] [2023-03-21T16:25:47.540Z] > authorizing via signed-in user (anshumanshukla46@gmail.com)
[info] 
     ######## #### ########  ######## ########     ###     ######  ########
     ##        ##  ##     ## ##       ##     ##  ##   ##  ##       ##
     ######    ##  ########  ######   ########  #########  ######  ######
     ##        ##  ##    ##  ##       ##     ## ##     ##       ## ##
     ##       #### ##     ## ######## ########  ##     ##  ######  ########

You're about to initialize a Firebase project in this directory:

  D:\Web\Front-End\REACT\projects\amazon-clone-yt

[debug] [2023-03-21T16:25:48.213Z] <<< [apiv2][status] GET https://firebase-public.firebaseio.com/cli.json 200
[debug] [2023-03-21T16:25:48.214Z] <<< [apiv2][body] GET https://firebase-public.firebaseio.com/cli.json {"cloudBuildErrorAfter":1594252800000,"cloudBuildWarnAfter":1590019200000,"defaultNode10After":1594252800000,"minVersion":"3.0.5","node8DeploysDisabledAfter":1613390400000,"node8RuntimeDisabledAfter":1615809600000,"node8WarnAfter":1600128000000}
